# JRE version: Java(TM) SE Runtime Environment 18.9 (11.0.18+9) (build 11.0.18+9-LTS-195)
# Java VM: Java HotSpot(TM) 64-Bit Server VM 18.9 (11.0.18+9-LTS-195, mixed mode, tiered, compressed oops, g1 gc, windows-amd64)
Heap:
 garbage-first heap   total 187392K, used 31666K [0x0000000083600000, 0x0000000100000000)
  region size 1024K, 18 young (18432K), 9 survivors (9216K)
 Metaspace       used 57910K, capacity 59433K, committed 59776K, reserved 1101824K
  class space    used 7310K, capacity 7955K, committed 8064K, reserved 1048576K
GC Heap History (10 events):
Event: 2.818 GC heap before
{Heap before GC invocations=7 (full 0):
 garbage-first heap   total 155648K, used 96590K [0x0000000083600000, 0x0000000100000000)
  region size 1024K, 91 young (93184K), 7 survivors (7168K)
 Metaspace       used 32198K, capacity 32898K, committed 33152K, reserved 1079296K
  class space    used 3812K, capacity 4098K, committed 4224K, reserved 1048576K
}
Event: 2.827 GC heap after
{Heap after GC invocations=8 (full 0):
 garbage-first heap   total 155648K, used 11978K [0x0000000083600000, 0x0000000100000000)
  region size 1024K, 8 young (8192K), 8 survivors (8192K)
 Metaspace       used 32198K, capacity 32898K, committed 33152K, reserved 1079296K
  class space    used 3812K, capacity 4098K, committed 4224K, reserved 1048576K
}
Event: 3.142 GC heap before
{Heap before GC invocations=8 (full 0):
 garbage-first heap   total 155648K, used 52938K [0x0000000083600000, 0x0000000100000000)
  region size 1024K, 49 young (50176K), 8 survivors (8192K)
 Metaspace       used 34989K, capacity 35719K, committed 35840K, reserved 1081344K
  class space    used 4212K, capacity 4527K, committed 4608K, reserved 1048576K
}
Event: 3.152 GC heap after
{Heap after GC invocations=9 (full 0):
 garbage-first heap   total 155648K, used 13085K [0x0000000083600000, 0x0000000100000000)
  region size 1024K, 8 young (8192K), 8 survivors (8192K)
 Metaspace       used 34989K, capacity 35719K, committed 35840K, reserved 1081344K
  class space    used 4212K, capacity 4527K, committed 4608K, reserved 1048576K
}
Event: 4.553 GC heap before
{Heap before GC invocations=10 (full 0):
 garbage-first heap   total 155648K, used 98077K [0x0000000083600000, 0x0000000100000000)
  region size 1024K, 91 young (93184K), 8 survivors (8192K)
 Metaspace       used 41129K, capacity 42118K, committed 42368K, reserved 1085440K
  class space    used 5049K, capacity 5445K, committed 5504K, reserved 1048576K
}
Event: 4.566 GC heap after
{Heap after GC invocations=11 (full 0):
 garbage-first heap   total 187392K, used 15849K [0x0000000083600000, 0x0000000100000000)
  region size 1024K, 9 young (9216K), 9 survivors (9216K)
 Metaspace       used 41129K, capacity 42118K, committed 42368K, reserved 1085440K
  class space    used 5049K, capacity 5445K, committed 5504K, reserved 1048576K
}
Event: 6.134 GC heap before
{Heap before GC invocations=11 (full 0):
 garbage-first heap   total 187392K, used 118249K [0x0000000083600000, 0x0000000100000000)
  region size 1024K, 109 young (111616K), 9 survivors (9216K)
 Metaspace       used 48550K, capacity 49806K, committed 49920K, reserved 1093632K
  class space    used 6043K, capacity 6560K, committed 6656K, reserved 1048576K
}
Event: 6.143 GC heap after
{Heap after GC invocations=12 (full 0):
 garbage-first heap   total 187392K, used 20698K [0x0000000083600000, 0x0000000100000000)
  region size 1024K, 12 young (12288K), 12 survivors (12288K)
 Metaspace       used 48550K, capacity 49806K, committed 49920K, reserved 1093632K
  class space    used 6043K, capacity 6560K, committed 6656K, reserved 1048576K
}
Event: 59.058 GC heap before
{Heap before GC invocations=12 (full 0):
 garbage-first heap   total 187392K, used 119002K [0x0000000083600000, 0x0000000100000000)
  region size 1024K, 109 young (111616K), 12 survivors (12288K)
 Metaspace       used 56824K, capacity 58321K, committed 58496K, reserved 1099776K
  class space    used 7153K, capacity 7771K, committed 7808K, reserved 1048576K
}
Event: 59.073 GC heap after
{Heap after GC invocations=13 (full 0):
 garbage-first heap   total 187392K, used 23474K [0x0000000083600000, 0x0000000100000000)
  region size 1024K, 9 young (9216K), 9 survivors (9216K)
 Metaspace       used 56824K, capacity 58321K, committed 58496K, reserved 1099776K
  class space    used 7153K, capacity 7771K, committed 7808K, reserved 1048576K
}

